*** Transformation "Default" of "SIMBAACTION" started at Jun 20 20:37:11

Transformation Module States:
-----------------------------

Initialize Module "Convert to transformer action list" [standard transformation]
	Status : OK
Initialize Module "Execute transformer action list" [actionlist]
	Status : OK
Initialize Module "Execute transformer action list" [PVSCL Transformation Module]
	Status : OK
Run Module "Convert to transformer action list" [standard transformation]
	Status : OK
Run Module "Execute transformer action list" [actionlist]
	Status : OK
Run Module "Execute transformer action list" [PVSCL Transformation Module]
	Status : OK
Cleanup Module "Convert to transformer action list" [standard transformation]
	Status : OK
Cleanup Module "Execute transformer action list" [actionlist]
	Status : OK
Cleanup Module "Execute transformer action list" [PVSCL Transformation Module]
	Status : OK

*** Transformation "Default" of "SIMBAACTION" finished at Jun 20 20:37:12

Transformation Module Logs:
---------------------------

