*** Transformation "Default" of "SIMBASPACE" started at Jun 20 21:40:24

Transformation Module States:
-----------------------------

Initialize Module "Convert to transformer action list" [standard transformation]
	Status : OK
Initialize Module "Execute transformer action list" [actionlist]
	Status : OK
Initialize Module "Execute transformer action list" [PVSCL Transformation Module]
	Status : OK
Run Module "Convert to transformer action list" [standard transformation]
	Status : OK
Run Module "Execute transformer action list" [actionlist]
	Status : OK
Run Module "Execute transformer action list" [PVSCL Transformation Module]
	Status : OK
Cleanup Module "Convert to transformer action list" [standard transformation]
	Status : OK
Cleanup Module "Execute transformer action list" [actionlist]
	Status : OK
Cleanup Module "Execute transformer action list" [PVSCL Transformation Module]
	Status : OK

*** Transformation "Default" of "SIMBASPACE" finished at Jun 20 21:40:24

Transformation Module Logs:
---------------------------

